<?xml version="1.0" encoding="UTF-8"?>
<testsuite name="RobotTest" tests="4" skipped="0" failures="0" errors="0" timestamp="2022-07-19T06:27:58" hostname="DESKTOP-1JCEPK9" time="0.149">
  <properties/>
  <testcase name="robotNamesAreUnique" classname="RobotTest" time="0.098"/>
  <testcase name="differentRobotsHaveDifferentNames" classname="RobotTest" time="0.047"/>
  <testcase name="hasName" classname="RobotTest" time="0.003"/>
  <testcase name="resetName" classname="RobotTest" time="0.0"/>
  <system-out><![CDATA[]]></system-out>
  <system-err><![CDATA[]]></system-err>
</testsuite>
